\e[2;2m Comprobando puertos en mar abr  2 13:43:35 CEST 2019
El puerto 1 no está a la escucha en el sistema
El puerto 7 no está a la escucha en el sistema
El puerto 9 no está a la escucha en el sistema
El puerto 11 no está a la escucha en el sistema
El puerto 13 no está a la escucha en el sistema
El puerto 15 no está a la escucha en el sistema
El puerto 17 no está a la escucha en el sistema
El puerto 18 no está a la escucha en el sistema
El puerto 19 no está a la escucha en el sistema
El puerto 20 no está a la escucha en el sistema
El puerto 21 no está a la escucha en el sistema
El puerto 22 no está a la escucha en el sistema
El puerto 23 no está a la escucha en el sistema
El puerto 25 no está a la escucha en el sistema
El puerto 37 no está a la escucha en el sistema
El puerto 42 no está a la escucha en el sistema
El puerto 43 no está a la escucha en el sistema
El puerto 49 no está a la escucha en el sistema
El puerto 50 no está a la escucha en el sistema
El puerto 53 no está a la escucha en el sistema
El puerto 65 no está a la escucha en el sistema
El puerto 67 no está a la escucha en el sistema
El puerto 68 no está a la escucha en el sistema
El puerto 70 no está a la escucha en el sistema
El puerto 79 no está a la escucha en el sistema
El puerto 80 no está a la escucha en el sistema
El puerto 87 no está a la escucha en el sistema
El puerto 88 no está a la escucha en el sistema
El puerto 95 no está a la escucha en el sistema
\e[2;2m Comprobando puertos en mar abr  2 17:12:47 CEST 2019
El puerto 1 no está a la escucha en el sistema
El puerto 7 no está a la escucha en el sistema
El puerto 9 no está a la escucha en el sistema
El puerto 11 no está a la escucha en el sistema
El puerto 13 no está a la escucha en el sistema
El puerto 15 no está a la escucha en el sistema
El puerto 17 no está a la escucha en el sistema
El puerto 18 no está a la escucha en el sistema
El puerto 19 no está a la escucha en el sistema
El puerto 20 no está a la escucha en el sistema
El puerto 21 no está a la escucha en el sistema
El puerto 22 no está a la escucha en el sistema
El puerto 23 no está a la escucha en el sistema
El puerto 25 no está a la escucha en el sistema
El puerto 37 no está a la escucha en el sistema
El puerto 42 no está a la escucha en el sistema
El puerto 43 no está a la escucha en el sistema
El puerto 49 no está a la escucha en el sistema
El puerto 50 no está a la escucha en el sistema
El puerto 53 no está a la escucha en el sistema
El puerto 65 no está a la escucha en el sistema
El puerto 67 no está a la escucha en el sistema
El puerto 68 no está a la escucha en el sistema
El puerto 70 no está a la escucha en el sistema
El puerto 79 no está a la escucha en el sistema
El puerto 80 no está a la escucha en el sistema
El puerto 87 no está a la escucha en el sistema
El puerto 88 no está a la escucha en el sistema
El puerto 95 no está a la escucha en el sistema
El puerto 101 no está a la escucha en el sistema
El puerto 102 no está a la escucha en el sistema
El puerto 104 no está a la escucha en el sistema
El puerto 105 no está a la escucha en el sistema
El puerto 107 no está a la escucha en el sistema
El puerto 110 no está a la escucha en el sistema
El puerto 111 no está a la escucha en el sistema
El puerto 113 no está a la escucha en el sistema
El puerto 115 no está a la escucha en el sistema
El puerto 119 no está a la escucha en el sistema
El puerto 123 no está a la escucha en el sistema
El puerto 129 no está a la escucha en el sistema
El puerto 135 no está a la escucha en el sistema
El puerto 137 no está a la escucha en el sistema
El puerto 138 no está a la escucha en el sistema
El puerto 139 no está a la escucha en el sistema
El puerto 143 no está a la escucha en el sistema
El puerto 161 no está a la escucha en el sistema
El puerto 162 no está a la escucha en el sistema
El puerto 163 no está a la escucha en el sistema
El puerto 164 no está a la escucha en el sistema
El puerto 174 no está a la escucha en el sistema
El puerto 177 no está a la escucha en el sistema
El puerto 178 no está a la escucha en el sistema
El puerto 179 no está a la escucha en el sistema
El puerto 194 no está a la escucha en el sistema
El puerto 199 no está a la escucha en el sistema
El puerto 201 no está a la escucha en el sistema
El puerto 202 no está a la escucha en el sistema
El puerto 204 no está a la escucha en el sistema
El puerto 206 no está a la escucha en el sistema
El puerto 209 no está a la escucha en el sistema
El puerto 210 no está a la escucha en el sistema
El puerto 213 no está a la escucha en el sistema
El puerto 345 no está a la escucha en el sistema
El puerto 346 no está a la escucha en el sistema
El puerto 347 no está a la escucha en el sistema
El puerto 369 no está a la escucha en el sistema
El puerto 370 no está a la escucha en el sistema
El puerto 371 no está a la escucha en el sistema
El puerto 372 no está a la escucha en el sistema
El puerto 389 no está a la escucha en el sistema
El puerto 406 no está a la escucha en el sistema
El puerto 427 no está a la escucha en el sistema
El puerto 443 no está a la escucha en el sistema
El puerto 444 no está a la escucha en el sistema
El puerto 445 no está a la escucha en el sistema
El puerto 464 no está a la escucha en el sistema
El puerto 465 no está a la escucha en el sistema
El puerto 487 no está a la escucha en el sistema
El puerto 500 no está a la escucha en el sistema
El puerto 554 no está a la escucha en el sistema
El puerto 607 no está a la escucha en el sistema
El puerto 610 no está a la escucha en el sistema
El puerto 611 no está a la escucha en el sistema
El puerto 612 no está a la escucha en el sistema
El puerto 628 no está a la escucha en el sistema
El puerto 631 no está a la escucha en el sistema
El puerto 512 no está a la escucha en el sistema
El puerto 513 no está a la escucha en el sistema
El puerto 514 no está a la escucha en el sistema
El puerto 515 no está a la escucha en el sistema
El puerto 526 no está a la escucha en el sistema
El puerto 530 no está a la escucha en el sistema
El puerto 531 no está a la escucha en el sistema
El puerto 532 no está a la escucha en el sistema
El puerto 538 no está a la escucha en el sistema
El puerto 540 no está a la escucha en el sistema
El puerto 543 no está a la escucha en el sistema
El puerto 544 no está a la escucha en el sistema
El puerto 546 no está a la escucha en el sistema
El puerto 547 no está a la escucha en el sistema
El puerto 548 no está a la escucha en el sistema
El puerto 549 no está a la escucha en el sistema
El puerto 556 no está a la escucha en el sistema
El puerto 563 no está a la escucha en el sistema
El puerto 587 no está a la escucha en el sistema
El puerto 636 no está a la escucha en el sistema
El puerto 655 no está a la escucha en el sistema
El puerto 706 no está a la escucha en el sistema
El puerto 749 no está a la escucha en el sistema
El puerto 765 no está a la escucha en el sistema
El puerto 873 no está a la escucha en el sistema
El puerto 989 no está a la escucha en el sistema
El puerto 990 no está a la escucha en el sistema
El puerto 992 no está a la escucha en el sistema
El puerto 993 no está a la escucha en el sistema
El puerto 995 no está a la escucha en el sistema
El puerto 1080 no está a la escucha en el sistema
El puerto 1093 no está a la escucha en el sistema
El puerto 1094 no está a la escucha en el sistema
El puerto 1194 no está a la escucha en el sistema
El puerto 1099 no está a la escucha en el sistema
El puerto 1214 no está a la escucha en el sistema
El puerto 1241 no está a la escucha en el sistema
El puerto 1352 no está a la escucha en el sistema
El puerto 1433 no está a la escucha en el sistema
El puerto 1434 no está a la escucha en el sistema
El puerto 1524 no está a la escucha en el sistema
El puerto 1645 no está a la escucha en el sistema
El puerto 1646 no está a la escucha en el sistema
El puerto 1649 no está a la escucha en el sistema
El puerto 1677 no está a la escucha en el sistema
El puerto 1701 no está a la escucha en el sistema
El puerto 1812 no está a la escucha en el sistema
El puerto 1813 no está a la escucha en el sistema
El puerto 1863 no está a la escucha en el sistema
El puerto 1957 no está a la escucha en el sistema
El puerto 1958 no está a la escucha en el sistema
El puerto 1959 no está a la escucha en el sistema
El puerto 2000 no está a la escucha en el sistema
El puerto 2010 no está a la escucha en el sistema
El puerto 2010 no está a la escucha en el sistema
El puerto 2049 no está a la escucha en el sistema
El puerto 2086 no está a la escucha en el sistema
El puerto 2101 no está a la escucha en el sistema
El puerto 2119 no está a la escucha en el sistema
El puerto 2135 no está a la escucha en el sistema
El puerto 2401 no está a la escucha en el sistema
El puerto 2430 no está a la escucha en el sistema
El puerto 2431 no está a la escucha en el sistema
El puerto 2432 no está a la escucha en el sistema
El puerto 2433 no está a la escucha en el sistema
El puerto 2583 no está a la escucha en el sistema
El puerto 2628 no está a la escucha en el sistema
El puerto 2792 no está a la escucha en el sistema
El puerto 2811 no está a la escucha en el sistema
El puerto 2947 no está a la escucha en el sistema
El puerto 3050 no está a la escucha en el sistema
El puerto 3130 no está a la escucha en el sistema
El puerto 3205 no está a la escucha en el sistema
\e[2;2m Comprobando puertos en mar abr  2 17:13:01 CEST 2019
El cortafuegos está detenido y deshabilitado en el arranque del sistema
El puerto 1 no está a la escucha en el sistema
El puerto 7 no está a la escucha en el sistema
El puerto 9 no está a la escucha en el sistema
El puerto 11 no está a la escucha en el sistema
El puerto 13 no está a la escucha en el sistema
El puerto 15 no está a la escucha en el sistema
El puerto 17 no está a la escucha en el sistema
El puerto 18 no está a la escucha en el sistema
El puerto 19 no está a la escucha en el sistema
El puerto 20 no está a la escucha en el sistema
El puerto 21 no está a la escucha en el sistema
El puerto 23 no está a la escucha en el sistema
El puerto 37 no está a la escucha en el sistema
El puerto 42 no está a la escucha en el sistema
El puerto 43 no está a la escucha en el sistema
El puerto 49 no está a la escucha en el sistema
El puerto 50 no está a la escucha en el sistema
El puerto 65 no está a la escucha en el sistema
El puerto 67 no está a la escucha en el sistema
El puerto 70 no está a la escucha en el sistema
El puerto 79 no está a la escucha en el sistema
El puerto 87 no está a la escucha en el sistema
El puerto 88 no está a la escucha en el sistema
El puerto 95 no está a la escucha en el sistema
El puerto 101 no está a la escucha en el sistema
El puerto 102 no está a la escucha en el sistema
El puerto 104 no está a la escucha en el sistema
El puerto 105 no está a la escucha en el sistema
El puerto 107 no está a la escucha en el sistema
El puerto 111 no está a la escucha en el sistema
El puerto 113 no está a la escucha en el sistema
El puerto 115 no está a la escucha en el sistema
El puerto 119 no está a la escucha en el sistema
El puerto 123 no está a la escucha en el sistema
El puerto 129 no está a la escucha en el sistema
El puerto 135 no está a la escucha en el sistema
El puerto 137 no está a la escucha en el sistema
El puerto 138 no está a la escucha en el sistema
El puerto 139 no está a la escucha en el sistema
El puerto 161 no está a la escucha en el sistema
El puerto 162 no está a la escucha en el sistema
El puerto 163 no está a la escucha en el sistema
El puerto 164 no está a la escucha en el sistema
El puerto 174 no está a la escucha en el sistema
El puerto 177 no está a la escucha en el sistema
El puerto 178 no está a la escucha en el sistema
El puerto 179 no está a la escucha en el sistema
El puerto 194 no está a la escucha en el sistema
El puerto 199 no está a la escucha en el sistema
El puerto 201 no está a la escucha en el sistema
El puerto 202 no está a la escucha en el sistema
El puerto 204 no está a la escucha en el sistema
El puerto 206 no está a la escucha en el sistema
El puerto 209 no está a la escucha en el sistema
El puerto 210 no está a la escucha en el sistema
El puerto 213 no está a la escucha en el sistema
El puerto 345 no está a la escucha en el sistema
El puerto 346 no está a la escucha en el sistema
El puerto 347 no está a la escucha en el sistema
El puerto 369 no está a la escucha en el sistema
El puerto 370 no está a la escucha en el sistema
El puerto 371 no está a la escucha en el sistema
El puerto 372 no está a la escucha en el sistema
El puerto 389 no está a la escucha en el sistema
El puerto 406 no está a la escucha en el sistema
El puerto 427 no está a la escucha en el sistema
El puerto 443 no está a la escucha en el sistema
El puerto 444 no está a la escucha en el sistema
El puerto 445 no está a la escucha en el sistema
El puerto 464 no está a la escucha en el sistema
El puerto 465 no está a la escucha en el sistema
El puerto 487 no está a la escucha en el sistema
El puerto 500 no está a la escucha en el sistema
El puerto 554 no está a la escucha en el sistema
El puerto 607 no está a la escucha en el sistema
El puerto 610 no está a la escucha en el sistema
El puerto 611 no está a la escucha en el sistema
El puerto 612 no está a la escucha en el sistema
El puerto 628 no está a la escucha en el sistema
El puerto 512 no está a la escucha en el sistema
El puerto 513 no está a la escucha en el sistema
El puerto 514 no está a la escucha en el sistema
El puerto 515 no está a la escucha en el sistema
El puerto 526 no está a la escucha en el sistema
El puerto 530 no está a la escucha en el sistema
El puerto 531 no está a la escucha en el sistema
El puerto 532 no está a la escucha en el sistema
El puerto 538 no está a la escucha en el sistema
El puerto 540 no está a la escucha en el sistema
El puerto 543 no está a la escucha en el sistema
El puerto 544 no está a la escucha en el sistema
El puerto 546 no está a la escucha en el sistema
El puerto 547 no está a la escucha en el sistema
El puerto 548 no está a la escucha en el sistema
El puerto 549 no está a la escucha en el sistema
El puerto 556 no está a la escucha en el sistema
El puerto 563 no está a la escucha en el sistema
El puerto 587 no está a la escucha en el sistema
El puerto 636 no está a la escucha en el sistema
El puerto 655 no está a la escucha en el sistema
El puerto 706 no está a la escucha en el sistema
El puerto 749 no está a la escucha en el sistema
El puerto 765 no está a la escucha en el sistema
El puerto 873 no está a la escucha en el sistema
El puerto 989 no está a la escucha en el sistema
El puerto 990 no está a la escucha en el sistema
El puerto 992 no está a la escucha en el sistema
El puerto 993 no está a la escucha en el sistema
El puerto 995 no está a la escucha en el sistema
El puerto 1080 no está a la escucha en el sistema
El puerto 1093 no está a la escucha en el sistema
El puerto 1094 no está a la escucha en el sistema
El puerto 1194 no está a la escucha en el sistema
El puerto 1099 no está a la escucha en el sistema
El puerto 1214 no está a la escucha en el sistema
El puerto 1241 no está a la escucha en el sistema
El puerto 1352 no está a la escucha en el sistema
El puerto 1433 no está a la escucha en el sistema
El puerto 1434 no está a la escucha en el sistema
El puerto 1524 no está a la escucha en el sistema
El puerto 1645 no está a la escucha en el sistema
El puerto 1646 no está a la escucha en el sistema
El puerto 1649 no está a la escucha en el sistema
El puerto 1677 no está a la escucha en el sistema
El puerto 1701 no está a la escucha en el sistema
El puerto 1812 no está a la escucha en el sistema
El puerto 1813 no está a la escucha en el sistema
El puerto 1863 no está a la escucha en el sistema
El puerto 1957 no está a la escucha en el sistema
El puerto 1958 no está a la escucha en el sistema
El puerto 1959 no está a la escucha en el sistema
El puerto 2000 no está a la escucha en el sistema
El puerto 2010 no está a la escucha en el sistema
El puerto 2010 no está a la escucha en el sistema
El puerto 2049 no está a la escucha en el sistema
El puerto 2086 no está a la escucha en el sistema
El puerto 2101 no está a la escucha en el sistema
El puerto 2119 no está a la escucha en el sistema
El puerto 2135 no está a la escucha en el sistema
El puerto 2401 no está a la escucha en el sistema
El puerto 2430 no está a la escucha en el sistema
El puerto 2431 no está a la escucha en el sistema
El puerto 2432 no está a la escucha en el sistema
El puerto 2433 no está a la escucha en el sistema
El puerto 2583 no está a la escucha en el sistema
El puerto 2628 no está a la escucha en el sistema
El puerto 2792 no está a la escucha en el sistema
El puerto 2811 no está a la escucha en el sistema
El puerto 2947 no está a la escucha en el sistema
El puerto 3050 no está a la escucha en el sistema
El puerto 3130 no está a la escucha en el sistema
El puerto 3205 no está a la escucha en el sistema
El puerto 3260 no está a la escucha en el sistema
El puerto 3306 no está a la escucha en el sistema
El puerto 3493 no está a la escucha en el sistema
El puerto 3632 no está a la escucha en el sistema
El puerto 3689 no está a la escucha en el sistema
El puerto 3690 no está a la escucha en el sistema
El puerto 4031 no está a la escucha en el sistema
El puerto 4094 no está a la escucha en el sistema
El puerto 4190 no está a la escucha en el sistema
El puerto 4369 no está a la escucha en el sistema
El puerto 4373 no está a la escucha en el sistema
El puerto 4353 no está a la escucha en el sistema
El puerto 4569 no está a la escucha en el sistema
El puerto 4691 no está a la escucha en el sistema
El puerto 4899 no está a la escucha en el sistema
El puerto 5002 no está a la escucha en el sistema
El puerto 5050 no está a la escucha en el sistema
El puerto 5060 no está a la escucha en el sistema
El puerto 5061 no está a la escucha en el sistema
El puerto 5190 no está a la escucha en el sistema
El puerto 5222 no está a la escucha en el sistema
El puerto 5269 no está a la escucha en el sistema
El puerto 5308 no está a la escucha en el sistema
El puerto 5432 no está a la escucha en el sistema
El puerto 5556 no está a la escucha en el sistema
El puerto 5671 no está a la escucha en el sistema
El puerto 5672 no está a la escucha en el sistema
El puerto 5688 no está a la escucha en el sistema
El puerto 6000 no está a la escucha en el sistema
El puerto 6001 no está a la escucha en el sistema
El puerto 6002 no está a la escucha en el sistema
El puerto 6003 no está a la escucha en el sistema
El puerto 6004 no está a la escucha en el sistema
El puerto 6005 no está a la escucha en el sistema
El puerto 6006 no está a la escucha en el sistema
El puerto 6007 no está a la escucha en el sistema
El puerto 6346 no está a la escucha en el sistema
El puerto 6347 no está a la escucha en el sistema
El puerto 6444 no está a la escucha en el sistema
El puerto 6445 no está a la escucha en el sistema
El puerto 6446 no está a la escucha en el sistema
El puerto 6697 no está a la escucha en el sistema
El puerto 7000 no está a la escucha en el sistema
El puerto 7001 no está a la escucha en el sistema
El puerto 7002 no está a la escucha en el sistema
El puerto 7003 no está a la escucha en el sistema
El puerto 7004 no está a la escucha en el sistema
El puerto 7005 no está a la escucha en el sistema
El puerto 7006 no está a la escucha en el sistema
El puerto 7007 no está a la escucha en el sistema
El puerto 7008 no está a la escucha en el sistema
El puerto 7009 no está a la escucha en el sistema
El puerto 7100 no está a la escucha en el sistema
El puerto 8080 no está a la escucha en el sistema
El puerto 8140 no está a la escucha en el sistema
El puerto 9101 no está a la escucha en el sistema
El puerto 9102 no está a la escucha en el sistema
El puerto 9103 no está a la escucha en el sistema
El puerto 9667 no está a la escucha en el sistema
El puerto 10809 no está a la escucha en el sistema
El puerto 10050 no está a la escucha en el sistema
El puerto 10051 no está a la escucha en el sistema
El puerto 10080 no está a la escucha en el sistema
El puerto 11112 no está a la escucha en el sistema
El puerto 11371 no está a la escucha en el sistema
El puerto 13720 no está a la escucha en el sistema
El puerto 13721 no está a la escucha en el sistema
El puerto 13722 no está a la escucha en el sistema
El puerto 13724 no está a la escucha en el sistema
El puerto 13782 no está a la escucha en el sistema
El puerto 13783 no está a la escucha en el sistema
El puerto 17500 no está a la escucha en el sistema
El puerto 22125 no está a la escucha en el sistema
El puerto 22128 no está a la escucha en el sistema
El puerto 22273 no está a la escucha en el sistema
El puerto 750 no está a la escucha en el sistema
El puerto 751 no está a la escucha en el sistema
El puerto 754 no está a la escucha en el sistema
El puerto 760 no está a la escucha en el sistema
El puerto 901 no está a la escucha en el sistema
El puerto 1109 no está a la escucha en el sistema
El puerto 2053 no está a la escucha en el sistema
El puerto 2105 no está a la escucha en el sistema
El puerto 2111 no está a la escucha en el sistema
El puerto 2121 no está a la escucha en el sistema
El puerto 871 no está a la escucha en el sistema
El puerto 1127 no está a la escucha en el sistema
El puerto 98 no está a la escucha en el sistema
El puerto 106 no está a la escucha en el sistema
El puerto 775 no está a la escucha en el sistema
El puerto 777 no está a la escucha en el sistema
El puerto 783 no está a la escucha en el sistema
El puerto 808 no está a la escucha en el sistema
El puerto 1001 no está a la escucha en el sistema
El puerto 1178 no está a la escucha en el sistema
El puerto 1236 no está a la escucha en el sistema
El puerto 1300 no está a la escucha en el sistema
El puerto 1313 no está a la escucha en el sistema
El puerto 1314 no está a la escucha en el sistema
El puerto 1529 no está a la escucha en el sistema
El puerto 2003 no está a la escucha en el sistema
El puerto 2121 no está a la escucha en el sistema
El puerto 2150 no está a la escucha en el sistema
El puerto 2600 no está a la escucha en el sistema
El puerto 2601 no está a la escucha en el sistema
El puerto 2602 no está a la escucha en el sistema
El puerto 2603 no está a la escucha en el sistema
El puerto 2604 no está a la escucha en el sistema
El puerto 2605 no está a la escucha en el sistema
El puerto 2606 no está a la escucha en el sistema
El puerto 2607 no está a la escucha en el sistema
El puerto 2608 no está a la escucha en el sistema
El puerto 2988 no está a la escucha en el sistema
El puerto 2989 no está a la escucha en el sistema
El puerto 4224 no está a la escucha en el sistema
El puerto 4557 no está a la escucha en el sistema
El puerto 4559 no está a la escucha en el sistema
El puerto 4600 no está a la escucha en el sistema
El puerto 4949 no está a la escucha en el sistema
El puerto 5051 no está a la escucha en el sistema
El puerto 5052 no está a la escucha en el sistema
El puerto 5151 no está a la escucha en el sistema
El puerto 5354 no está a la escucha en el sistema
El puerto 5355 no está a la escucha en el sistema
El puerto 5666 no está a la escucha en el sistema
El puerto 5667 no está a la escucha en el sistema
El puerto 5674 no está a la escucha en el sistema
El puerto 5675 no está a la escucha en el sistema
El puerto 5680 no está a la escucha en el sistema
El puerto 6514 no está a la escucha en el sistema
El puerto 6566 no está a la escucha en el sistema
El puerto 6667 no está a la escucha en el sistema
El puerto 8021 no está a la escucha en el sistema
El puerto 8081 no está a la escucha en el sistema
El puerto 8088 no está a la escucha en el sistema
El puerto 8990 no está a la escucha en el sistema
El puerto 9098 no está a la escucha en el sistema
El puerto 9418 no está a la escucha en el sistema
El puerto 9673 no está a la escucha en el sistema
El puerto 10000 no está a la escucha en el sistema
El puerto 10081 no está a la escucha en el sistema
El puerto 10082 no está a la escucha en el sistema
El puerto 10083 no está a la escucha en el sistema
El puerto 11201 no está a la escucha en el sistema
El puerto 15345 no está a la escucha en el sistema
El puerto 17004 no está a la escucha en el sistema
El puerto 20011 no está a la escucha en el sistema
El puerto 20012 no está a la escucha en el sistema
El puerto 24554 no está a la escucha en el sistema
El puerto 27374 no está a la escucha en el sistema
El puerto 30865 no está a la escucha en el sistema
El puerto 57000 no está a la escucha en el sistema
El puerto 60177 no está a la escucha en el sistema
El puerto 60179 no está a la escucha en el sistema
Fin de ejecucion
.....................
