SQL> 
SQL> -- user p1
SQL> drop user p1 cascade;

User dropped.

SQL> create user p1 identified by p1;

User created.

SQL> grant connect, resource to p1;

Grant succeeded.

SQL> alter user p1 quota unlimited on users;

User altered.

SQL> 
SQL> -- creacion de la tabla pruebas
SQL> host sh p1.sh

SQL> 
SQL> -- user p2
SQL> drop user p2 cascade;

User dropped.

SQL> create user p2 identified by p2;

User created.

SQL> grant connect, resource to p2;

Grant succeeded.

SQL> grant update on p1.pruebas to p2;

Grant succeeded.

SQL> grant insert on p1.pruebas to p2;

Grant succeeded.

SQL> 
SQL> -- Cambiamos datos
SQL> host sh p2.sh

SQL> 
SQL> -- Cambiamos datos en usuario 1
SQL> host sh p1.1.sh

SQL> 
